<?xml version="1.0" encoding="UTF-8" ?>
<testsuite tests="0" failures="0" name="com.aspose.html.android.ConvertEpubTest" time="0" errors="0" skipped="0">
  <properties>
    <property name="java.runtime.name" value="OpenJDK Runtime Environment"/>
    <property name="java.vm.version" value="17+35-2724"/>
    <property name="sun.boot.library.path" value="E:\UTILS\Java\jdk-17\bin"/>
    <property name="maven.multiModuleProjectDirectory" value="e:\WORK\HTML\SDK_READY\aspose-html-cloud-android\aspose-html-cloud-android"/>
    <property name="java.vm.vendor" value="Oracle Corporation"/>
    <property name="java.vendor.url" value="https://java.oracle.com/"/>
    <property name="guice.disable.misplaced.annotation.check" value="true"/>
    <property name="path.separator" value=";"/>
    <property name="java.vm.name" value="OpenJDK 64-Bit Server VM"/>
    <property name="sun.os.patch.level" value=""/>
    <property name="user.script" value=""/>
    <property name="user.country" value="RU"/>
    <property name="sun.java.launcher" value="SUN_STANDARD"/>
    <property name="java.vm.specification.name" value="Java Virtual Machine Specification"/>
    <property name="user.dir" value="e:\WORK\HTML\SDK_READY\aspose-html-cloud-android\aspose-html-cloud-android"/>
    <property name="java.vm.compressedOopsMode" value="Zero based"/>
    <property name="java.runtime.version" value="17+35-2724"/>
    <property name="os.arch" value="amd64"/>
    <property name="java.io.tmpdir" value="E:\TEMP\"/>
    <property name="line.separator" value="
"/>
    <property name="java.vm.specification.vendor" value="Oracle Corporation"/>
    <property name="user.variant" value=""/>
    <property name="os.name" value="Windows 10"/>
    <property name="classworlds.conf" value="e:\SHARED\apache-maven-3.8.6\bin\m2.conf"/>
    <property name="sun.jnu.encoding" value="Cp1251"/>
    <property name="java.library.path" value="E:\UTILS\Java\jdk-17\bin;C:\WINDOWS\Sun\Java\bin;C:\WINDOWS\system32;C:\WINDOWS;E:\UTILS\CUDA\bin;E:\UTILS\CUDA\libnvvp;C:\Python310\Scripts\;C:\Python310\;C:\Program Files\Microsoft\jdk-11.0.12.7-hotspot\bin;C:\WINDOWS\system32;C:\WINDOWS;C:\WINDOWS\System32\Wbem;C:\WINDOWS\System32\WindowsPowerShell\v1.0\;C:\WINDOWS\System32\OpenSSH\;E:\UTILS\Git\cmd;C:\Program Files\Microsoft SQL Server\150\Tools\Binn\;C:\Program Files\Microsoft SQL Server\Client SDK\ODBC\170\Tools\Binn\;C:\Program Files\NVIDIA Corporation\NVIDIA NvDLISR;C:\Program Files\Microsoft SQL Server\130\Tools\Binn\;C:\Program Files\Docker\Docker\resources\bin;C:\ProgramData\DockerDesktop\version-bin;C:\Program Files (x86)\NVIDIA Corporation\PhysX\Common;e:\UTILS\Java\jdk1.8.0_202\bin\;e:\UTILS\GnuWin32\bin\;E:\UTILS\composer\;E:\UTILS\OpenServer\modules\php\PHP_8.1;E:\UTILS\Tortoisegit\bin;E:\SHARED;C:\ProgramData\chocolatey\bin;E:\UTILS\nodejs\;C:\Program Files\NVIDIA Corporation\Nsight Compute 2022.2.1\;e:\SHARED\apache-maven-3.8.6\bin\;E:\UTILS\GO\bin;C:\Program Files\dotnet\;e:\SHARED\gradle-7.4.2\bin\;E:\UTILS\CUDA\bin\\..\extras\CUPTI\lib64;C:\Python310\Scripts\;C:\Python310\;C:\Program Files\Microsoft\jdk-11.0.12.7-hotspot\bin;E:\UTILS\CUDA\bin;E:\UTILS\CUDA\libnvvp;C:\WINDOWS\system32;C:\WINDOWS;C:\WINDOWS\System32\Wbem;C:\WINDOWS\System32\WindowsPowerShell\v1.0\;C:\WINDOWS\System32\OpenSSH\;E:\UTILS\Git\cmd;C:\Program Files\Microsoft SQL Server\150\Tools\Binn\;C:\Program Files\Microsoft SQL Server\Client SDK\ODBC\170\Tools\Binn\;C:\Program Files\NVIDIA Corporation\NVIDIA NvDLISR;C:\Program Files\Microsoft SQL Server\130\Tools\Binn\;C:\Program Files\Docker\Docker\resources\bin;C:\ProgramData\DockerDesktop\version-bin;C:\Program Files\NVIDIA Corporation\Nsight Compute 2022.2.0\;C:\Program Files (x86)\NVIDIA Corporation\PhysX\Common;e:\UTILS\Java\jdk1.8.0_202\bin\;e:\UTILS\GnuWin32\bin\;E:\UTILS\composer\;E:\UTILS\OpenServer\modules\php\PHP_8.1;C:\Program Files\dotnet\;E:\UTILS\Tortoisegit\bin;E:\SHARED;C:\ProgramData\chocolatey\bin;E:\UTILS\nodejs\;E;C:\Ruby31-x64\bin;C:\Ruby27-x64\bin;E:\UTILS\Ruby26-x6;E:\UTILS\IntelliJ IDEA Community Edition 2022.2.1\bin;;E:\UTILS\Microsoft VS Code\bin;E:\UTILS\PhpStorm 2022.2.1\bin;;E:\UTILS\RubyMine 2022.2.1\bin;;E:\UTILS\WebStorm 2022.2.1\bin;;E:\UTILS\IntelliJ IDEA 2022.2.1\bin;;C:\Users\Alexander Makogon\go\bin;E:\UTILS\Fiddler;C:\Users\Alexander Makogon\.dotnet\tools;E:\UTILS\WebStorm 2022.2.2\bin;;."/>
    <property name="maven.conf" value="e:\SHARED\apache-maven-3.8.6/conf"/>
    <property name="jdk.debug" value="release"/>
    <property name="java.class.version" value="61.0"/>
    <property name="java.specification.name" value="Java Platform API Specification"/>
    <property name="sun.management.compiler" value="HotSpot 64-Bit Tiered Compilers"/>
    <property name="os.version" value="10.0"/>
    <property name="library.jansi.path" value="e:\SHARED\apache-maven-3.8.6\lib\jansi-native"/>
    <property name="user.home" value="C:\Users\Alexander Makogon"/>
    <property name="user.timezone" value="Europe/Kiev"/>
    <property name="file.encoding" value="Cp1251"/>
    <property name="java.specification.version" value="17"/>
    <property name="user.name" value="Alexander Makogon"/>
    <property name="java.class.path" value="e:\SHARED\apache-maven-3.8.6\boot\plexus-classworlds-2.6.0.jar"/>
    <property name="java.vm.specification.version" value="17"/>
    <property name="sun.arch.data.model" value="64"/>
    <property name="sun.java.command" value="org.codehaus.plexus.classworlds.launcher.Launcher package"/>
    <property name="java.home" value="E:\UTILS\Java\jdk-17"/>
    <property name="user.language" value="ru"/>
    <property name="java.specification.vendor" value="Oracle Corporation"/>
    <property name="java.vm.info" value="mixed mode, sharing"/>
    <property name="java.version" value="17"/>
    <property name="native.encoding" value="Cp1251"/>
    <property name="java.vendor" value="Oracle Corporation"/>
    <property name="sun.stderr.encoding" value="cp866"/>
    <property name="maven.home" value="e:\SHARED\apache-maven-3.8.6"/>
    <property name="file.separator" value="\"/>
    <property name="java.version.date" value="2021-09-14"/>
    <property name="java.vendor.url.bug" value="https://bugreport.java.com/bugreport/"/>
    <property name="sun.io.unicode.encoding" value="UnicodeLittle"/>
    <property name="sun.cpu.endian" value="little"/>
    <property name="sun.stdout.encoding" value="cp866"/>
    <property name="sun.cpu.isalist" value="amd64"/>
  </properties>
</testsuite>